\BOOKMARK [0][-]{chapter.1}{Introduction}{}% 1
\BOOKMARK [1][-]{section.1.1}{Initial\040Position}{chapter.1}% 2
\BOOKMARK [1][-]{section.1.2}{Task}{chapter.1}% 3
\BOOKMARK [0][-]{chapter.2}{Theoretical\040Principles}{}% 4
\BOOKMARK [1][-]{section.2.1}{Definitions}{chapter.2}% 5
\BOOKMARK [1][-]{section.2.2}{Recurrent\040Neural\040Networks}{chapter.2}% 6
\BOOKMARK [1][-]{section.2.3}{Seq2Seq}{chapter.2}% 7
\BOOKMARK [1][-]{section.2.4}{Attention}{chapter.2}% 8
\BOOKMARK [1][-]{section.2.5}{Performance\040Evaluation}{chapter.2}% 9
\BOOKMARK [0][-]{chapter.3}{Experiments}{}% 10
\BOOKMARK [0][-]{chapter.4}{Results}{}% 11
\BOOKMARK [0][-]{chapter.5}{Discussion\040and\040Prospects}{}% 12
\BOOKMARK [0][-]{chapter.6}{Index}{}% 13
\BOOKMARK [1][-]{section.6.1}{Glossary}{chapter.6}% 14
\BOOKMARK [1][-]{section.6.2}{List\040of\040Figures}{chapter.6}% 15
\BOOKMARK [1][-]{section.6.3}{List\040of\040Tabels}{chapter.6}% 16
\BOOKMARK [1][-]{section.6.4}{Listingverzeichnis}{chapter.6}% 17
\BOOKMARK [1][-]{section.6.5}{Symbol\040Glossary}{chapter.6}% 18
\BOOKMARK [1][-]{section.6.6}{Acronym\040Glossary}{chapter.6}% 19
\BOOKMARK [0][-]{appendix.A}{Appendix}{}% 20
\BOOKMARK [1][-]{section.A.1}{Projektmanagement}{appendix.A}% 21
\BOOKMARK [1][-]{section.A.2}{Final\040Words}{appendix.A}% 22
